<?xml version="1.0" encoding="UTF-8"?>
<!-- Generated by org.testng.reporters.JUnitReportReporter -->
<testsuite hostname="LAPTOP-9CT9HCEI" failures="0" tests="1" name="TestCases.TestCase_MuviContent" time="114.449" errors="0" timestamp="10 Jul 2021 09:59:56 GMT" skipped="0">
  <testcase classname="TestCases.TestCase_MuviContent" name="TestMuviContent" time="114.449"/>
</testsuite> <!-- TestCases.TestCase_MuviContent -->
